Build started 20/08/2014 09:23:37.
     1>Project "C:\Users\DNolan\Docs\Programming\Aspire Projects\FactoryPattern_01\FactoryPattern_01\FactoryPattern_01.vcxproj" on node 2 (Build target(s)).
     1>ClCompile:
         C:\Program Files (x86)\Microsoft Visual Studio 12.0\VC\bin\CL.exe /c /ZI /nologo /W3 /WX- /Od /Oy- /D WIN32 /D _DEBUG /D _CONSOLE /D _LIB /D _UNICODE /D UNICODE /Gm /EHsc /RTC1 /MDd /GS /fp:precise /Zc:wchar_t /Zc:forScope /Fo"Debug\\" /Fd"Debug\vc120.pdb" /Gd /TP /analyze- /errorReport:prompt NYPizzaStore.cpp NYStyleCheesePizza.cpp NYStyleClamPizza.cpp NYStylePepperoniPizza.cpp NYStyleVeggiePizza.cpp Pizza.cpp PizzaStore.cpp main.cpp
         main.cpp
         PizzaStore.cpp
         Pizza.cpp
         NYStyleVeggiePizza.cpp
         NYStylePepperoniPizza.cpp
         NYStyleClamPizza.cpp
         NYStyleCheesePizza.cpp
         NYPizzaStore.cpp
         Generating Code...
       Link:
         C:\Program Files (x86)\Microsoft Visual Studio 12.0\VC\bin\link.exe /ERRORREPORT:PROMPT /OUT:"C:\Users\DNolan\Docs\Programming\Aspire Projects\FactoryPattern_01\Debug\FactoryPattern_01.exe" /INCREMENTAL /NOLOGO kernel32.lib user32.lib gdi32.lib winspool.lib comdlg32.lib advapi32.lib shell32.lib ole32.lib oleaut32.lib uuid.lib odbc32.lib odbccp32.lib /MANIFEST /MANIFESTUAC:"level='asInvoker' uiAccess='false'" /manifest:embed /DEBUG /PDB:"C:\Users\DNolan\Docs\Programming\Aspire Projects\FactoryPattern_01\Debug\FactoryPattern_01.pdb" /SUBSYSTEM:CONSOLE /TLBID:1 /DYNAMICBASE /NXCOMPAT /IMPLIB:"C:\Users\DNolan\Docs\Programming\Aspire Projects\FactoryPattern_01\Debug\FactoryPattern_01.lib" /MACHINE:X86 Debug\main.obj
         Debug\NYPizzaStore.obj
         Debug\NYStyleCheesePizza.obj
         Debug\NYStyleClamPizza.obj
         Debug\NYStylePepperoniPizza.obj
         Debug\NYStyleVeggiePizza.obj
         Debug\Pizza.obj
         Debug\PizzaStore.obj
         FactoryPattern_01.vcxproj -> C:\Users\DNolan\Docs\Programming\Aspire Projects\FactoryPattern_01\Debug\FactoryPattern_01.exe
     1>Done Building Project "C:\Users\DNolan\Docs\Programming\Aspire Projects\FactoryPattern_01\FactoryPattern_01\FactoryPattern_01.vcxproj" (Build target(s)).

Build succeeded.

Time Elapsed 00:00:07.31
