c:\users\dnolan\docs\programming\aspire projects\factorypattern_02 - copy\factorypattern_01\debug\vc120.pdb
c:\users\dnolan\docs\programming\aspire projects\factorypattern_02 - copy\factorypattern_01\debug\vc120.idb
c:\users\dnolan\docs\programming\aspire projects\factorypattern_02 - copy\factorypattern_01\debug\freshclams.obj
c:\users\dnolan\docs\programming\aspire projects\factorypattern_02 - copy\factorypattern_01\debug\ingredient.obj
c:\users\dnolan\docs\programming\aspire projects\factorypattern_02 - copy\factorypattern_01\debug\main.obj
c:\users\dnolan\docs\programming\aspire projects\factorypattern_02 - copy\factorypattern_01\debug\marinarasauce.obj
c:\users\dnolan\docs\programming\aspire projects\factorypattern_02 - copy\factorypattern_01\debug\nypizzaingredientfactroy.obj
c:\users\dnolan\docs\programming\aspire projects\factorypattern_02 - copy\factorypattern_01\debug\pizza.obj
c:\users\dnolan\docs\programming\aspire projects\factorypattern_02 - copy\factorypattern_01\debug\pizzaingredientfactory.obj
c:\users\dnolan\docs\programming\aspire projects\factorypattern_02 - copy\factorypattern_01\debug\pizzastore.obj
c:\users\dnolan\docs\programming\aspire projects\factorypattern_02 - copy\factorypattern_01\debug\reggianocheese.obj
c:\users\dnolan\docs\programming\aspire projects\factorypattern_02 - copy\factorypattern_01\debug\slicedpepperoni.obj
c:\users\dnolan\docs\programming\aspire projects\factorypattern_02 - copy\factorypattern_01\debug\thincrustdough.obj
c:\users\dnolan\docs\programming\aspire projects\factorypattern_02 - copy\factorypattern_01\debug\veggie.obj
c:\users\dnolan\docs\programming\aspire projects\factorypattern_02 - copy\factorypattern_01\debug\garlic.obj
c:\users\dnolan\docs\programming\aspire projects\factorypattern_02 - copy\factorypattern_01\debug\mushroom.obj
c:\users\dnolan\docs\programming\aspire projects\factorypattern_02 - copy\factorypattern_01\debug\onion.obj
c:\users\dnolan\docs\programming\aspire projects\factorypattern_02 - copy\factorypattern_01\debug\nystyleclampizza.obj
c:\users\dnolan\docs\programming\aspire projects\factorypattern_02 - copy\factorypattern_01\debug\nystylepepperonipizza.obj
c:\users\dnolan\docs\programming\aspire projects\factorypattern_02 - copy\factorypattern_01\debug\nystyleveggiepizza.obj
c:\users\dnolan\docs\programming\aspire projects\factorypattern_02 - copy\factorypattern_01\debug\factoryp.59061ac4.tlog\cl.command.1.tlog
c:\users\dnolan\docs\programming\aspire projects\factorypattern_02 - copy\factorypattern_01\debug\factoryp.59061ac4.tlog\cl.read.1.tlog
c:\users\dnolan\docs\programming\aspire projects\factorypattern_02 - copy\factorypattern_01\debug\factoryp.59061ac4.tlog\cl.write.1.tlog
