c:\users\dnolan\docs\programming\aspire projects\design patterns c++\04-3 abstract factory pattern\factorypattern_01\debug\vc120.pdb
c:\users\dnolan\docs\programming\aspire projects\design patterns c++\04-3 abstract factory pattern\factorypattern_01\debug\vc120.idb
c:\users\dnolan\docs\programming\aspire projects\design patterns c++\04-3 abstract factory pattern\factorypattern_01\debug\chicagopizzastore.obj
c:\users\dnolan\docs\programming\aspire projects\design patterns c++\04-3 abstract factory pattern\factorypattern_01\debug\nypizzastore.obj
c:\users\dnolan\docs\programming\aspire projects\design patterns c++\04-3 abstract factory pattern\factorypattern_01\debug\main.obj
c:\users\dnolan\docs\programming\aspire projects\design patterns c++\04-3 abstract factory pattern\factorypattern_01\debug\chicagostylecheesepizza.obj
c:\users\dnolan\docs\programming\aspire projects\design patterns c++\04-3 abstract factory pattern\factorypattern_01\debug\chicagostyleclampizza.obj
c:\users\dnolan\docs\programming\aspire projects\design patterns c++\04-3 abstract factory pattern\factorypattern_01\debug\chicagostylepepperonipizza.obj
c:\users\dnolan\docs\programming\aspire projects\design patterns c++\04-3 abstract factory pattern\factorypattern_01\debug\chicagostyleveggiepizza.obj
c:\users\dnolan\docs\programming\aspire projects\design patterns c++\04-3 abstract factory pattern\factorypattern_01\debug\nystylecheesepizza.obj
c:\users\dnolan\docs\programming\aspire projects\design patterns c++\04-3 abstract factory pattern\factorypattern_01\debug\nystyleclampizza.obj
c:\users\dnolan\docs\programming\aspire projects\design patterns c++\04-3 abstract factory pattern\factorypattern_01\debug\nystylepepperonipizza.obj
c:\users\dnolan\docs\programming\aspire projects\design patterns c++\04-3 abstract factory pattern\factorypattern_01\debug\nystyleveggiepizza.obj
c:\users\dnolan\docs\programming\aspire projects\design patterns c++\04-3 abstract factory pattern\factorypattern_01\debug\chicagopizzaingredientfactory.obj
c:\users\dnolan\docs\programming\aspire projects\design patterns c++\04-3 abstract factory pattern\factorypattern_01\debug\nypizzaingredientfactroy.obj
c:\users\dnolan\docs\programming\aspire projects\design patterns c++\04-3 abstract factory pattern\factorypattern_01\debug\frozenclams.obj
c:\users\dnolan\docs\programming\aspire projects\design patterns c++\04-3 abstract factory pattern\factorypattern_01\debug\garlic.obj
c:\users\dnolan\docs\programming\aspire projects\design patterns c++\04-3 abstract factory pattern\factorypattern_01\debug\marinarasauce.obj
c:\users\dnolan\docs\programming\aspire projects\design patterns c++\04-3 abstract factory pattern\factorypattern_01\debug\mozzarellacheese.obj
c:\users\dnolan\docs\programming\aspire projects\design patterns c++\04-3 abstract factory pattern\factorypattern_01\debug\mushroom.obj
c:\users\dnolan\docs\programming\aspire projects\design patterns c++\04-3 abstract factory pattern\factorypattern_01\debug\onion.obj
c:\users\dnolan\docs\programming\aspire projects\design patterns c++\04-3 abstract factory pattern\factorypattern_01\debug\peppers.obj
c:\users\dnolan\docs\programming\aspire projects\design patterns c++\04-3 abstract factory pattern\factorypattern_01\debug\plumtomatosauce.obj
c:\users\dnolan\docs\programming\aspire projects\design patterns c++\04-3 abstract factory pattern\factorypattern_01\debug\reggianocheese.obj
c:\users\dnolan\docs\programming\aspire projects\design patterns c++\04-3 abstract factory pattern\factorypattern_01\debug\slicedpepperoni.obj
c:\users\dnolan\docs\programming\aspire projects\design patterns c++\04-3 abstract factory pattern\factorypattern_01\debug\thickcrustdough.obj
c:\users\dnolan\docs\programming\aspire projects\design patterns c++\04-3 abstract factory pattern\factorypattern_01\debug\thincrustdough.obj
c:\users\dnolan\docs\programming\aspire projects\design patterns c++\04-3 abstract factory pattern\factorypattern_01\debug\veggie.obj
c:\users\dnolan\docs\programming\aspire projects\design patterns c++\04-3 abstract factory pattern\factorypattern_01\debug\freshclams.obj
c:\users\dnolan\docs\programming\aspire projects\design patterns c++\04-3 abstract factory pattern\debug\abstractfactorypattern.ilk
c:\users\dnolan\docs\programming\aspire projects\design patterns c++\04-3 abstract factory pattern\debug\abstractfactorypattern.exe
c:\users\dnolan\docs\programming\aspire projects\design patterns c++\04-3 abstract factory pattern\debug\abstractfactorypattern.pdb
c:\users\dnolan\docs\programming\aspire projects\design patterns c++\04-3 abstract factory pattern\factorypattern_01\debug\ingredient.obj
c:\users\dnolan\docs\programming\aspire projects\design patterns c++\04-3 abstract factory pattern\factorypattern_01\debug\abstract.59061ac4.tlog\cl.command.1.tlog
c:\users\dnolan\docs\programming\aspire projects\design patterns c++\04-3 abstract factory pattern\factorypattern_01\debug\abstract.59061ac4.tlog\cl.read.1.tlog
c:\users\dnolan\docs\programming\aspire projects\design patterns c++\04-3 abstract factory pattern\factorypattern_01\debug\abstract.59061ac4.tlog\cl.write.1.tlog
c:\users\dnolan\docs\programming\aspire projects\design patterns c++\04-3 abstract factory pattern\factorypattern_01\debug\abstract.59061ac4.tlog\link.command.1.tlog
c:\users\dnolan\docs\programming\aspire projects\design patterns c++\04-3 abstract factory pattern\factorypattern_01\debug\abstract.59061ac4.tlog\link.read.1.tlog
c:\users\dnolan\docs\programming\aspire projects\design patterns c++\04-3 abstract factory pattern\factorypattern_01\debug\abstract.59061ac4.tlog\link.write.1.tlog
